<?xml version="1.0" encoding="UTF-8"?>
<!-- Generated by org.testng.reporters.JUnitXMLReporter -->
<testsuite hostname="DESKTOP-C24IJ1E" ignored="0" name="Regression Tests" tests="3" failures="0" timestamp="13 May 2018 00:00:43 GMT" time="28.142" errors="0">
  <testcase name="addPayee" time="5.011" classname="com.testsuite_regression.AddNewPayee"/>
  <testcase name="transfer" time="2.605" classname="com.testsuite_regression.TransferFunds"/>
  <testcase name="purchaseCurrency" time="2.081" classname="com.testsuite_regression.PurchaseForeignCurrency"/>
</testsuite> <!-- Regression Tests -->
