<?xml version="1.0" encoding="UTF-8"?>
<testng-results skipped="0" failed="0" ignored="0" total="3" passed="3">
  <reporter-output>
  </reporter-output>
  <suite name="Regression Test Suite" duration-ms="26246" started-at="2018-05-13T00:04:43Z" finished-at="2018-05-13T00:05:09Z">
    <groups>
    </groups>
    <test name="Regression Tests" duration-ms="26246" started-at="2018-05-13T00:04:43Z" finished-at="2018-05-13T00:05:09Z">
      <class name="com.testsuite_regression.PurchaseForeignCurrency">
        <test-method status="PASS" signature="init()[pri:0, instance:com.testsuite_regression.PurchaseForeignCurrency@4157f54e]" name="init" is-config="true" duration-ms="3865" started-at="2018-05-12T20:05:00Z" finished-at="2018-05-12T20:05:04Z">
          <reporter-output>
          </reporter-output>
        </test-method> <!-- init -->
        <test-method status="PASS" signature="purchaseCurrency()[pri:0, instance:com.testsuite_regression.PurchaseForeignCurrency@4157f54e]" name="purchaseCurrency" duration-ms="4251" started-at="2018-05-12T20:05:04Z" finished-at="2018-05-12T20:05:08Z">
          <reporter-output>
          </reporter-output>
        </test-method> <!-- purchaseCurrency -->
        <test-method status="PASS" signature="tearDown()[pri:0, instance:com.testsuite_regression.PurchaseForeignCurrency@4157f54e]" name="tearDown" is-config="true" duration-ms="821" started-at="2018-05-12T20:05:08Z" finished-at="2018-05-12T20:05:09Z">
          <reporter-output>
          </reporter-output>
        </test-method> <!-- tearDown -->
      </class> <!-- com.testsuite_regression.PurchaseForeignCurrency -->
      <class name="com.testsuite_regression.AddNewPayee">
        <test-method status="PASS" signature="init()[pri:0, instance:com.testsuite_regression.AddNewPayee@3567135c]" name="init" is-config="true" duration-ms="4907" started-at="2018-05-12T20:04:43Z" finished-at="2018-05-12T20:04:48Z">
          <reporter-output>
          </reporter-output>
        </test-method> <!-- init -->
        <test-method status="PASS" signature="addPayee()[pri:0, instance:com.testsuite_regression.AddNewPayee@3567135c]" name="addPayee" duration-ms="4378" started-at="2018-05-12T20:04:48Z" finished-at="2018-05-12T20:04:52Z">
          <reporter-output>
          </reporter-output>
        </test-method> <!-- addPayee -->
        <test-method status="PASS" signature="tearDown()[pri:0, instance:com.testsuite_regression.AddNewPayee@3567135c]" name="tearDown" is-config="true" duration-ms="822" started-at="2018-05-12T20:04:52Z" finished-at="2018-05-12T20:04:53Z">
          <reporter-output>
          </reporter-output>
        </test-method> <!-- tearDown -->
      </class> <!-- com.testsuite_regression.AddNewPayee -->
      <class name="com.testsuite_regression.TransferFunds">
        <test-method status="PASS" signature="init()[pri:0, instance:com.testsuite_regression.TransferFunds@327471b5]" name="init" is-config="true" duration-ms="4202" started-at="2018-05-12T20:04:53Z" finished-at="2018-05-12T20:04:57Z">
          <reporter-output>
          </reporter-output>
        </test-method> <!-- init -->
        <test-method status="PASS" signature="transfer()[pri:0, instance:com.testsuite_regression.TransferFunds@327471b5]" name="transfer" duration-ms="2145" started-at="2018-05-12T20:04:57Z" finished-at="2018-05-12T20:04:59Z">
          <reporter-output>
          </reporter-output>
        </test-method> <!-- transfer -->
        <test-method status="PASS" signature="tearDown()[pri:0, instance:com.testsuite_regression.TransferFunds@327471b5]" name="tearDown" is-config="true" duration-ms="841" started-at="2018-05-12T20:04:59Z" finished-at="2018-05-12T20:05:00Z">
          <reporter-output>
          </reporter-output>
        </test-method> <!-- tearDown -->
      </class> <!-- com.testsuite_regression.TransferFunds -->
    </test> <!-- Regression Tests -->
  </suite> <!-- Regression Test Suite -->
</testng-results>
