<?xml version="1.0" encoding="UTF-8"?>
<testng-results skipped="0" failed="0" ignored="0" total="3" passed="3">
  <reporter-output>
  </reporter-output>
  <suite name="Regression Test Suite" duration-ms="20281" started-at="2018-05-13T16:00:15Z" finished-at="2018-05-13T16:00:35Z">
    <groups>
    </groups>
    <test name="Regression Tests" duration-ms="20281" started-at="2018-05-13T16:00:15Z" finished-at="2018-05-13T16:00:35Z">
      <class name="com.testsuite_regression.PurchaseForeignCurrency">
        <test-method status="PASS" signature="init()[pri:0, instance:com.testsuite_regression.PurchaseForeignCurrency@47f6473]" name="init" is-config="true" duration-ms="3770" started-at="2018-05-13T12:00:29Z" finished-at="2018-05-13T12:00:33Z">
          <reporter-output>
          </reporter-output>
        </test-method> <!-- init -->
        <test-method status="PASS" signature="purchaseCurrency()[pri:0, instance:com.testsuite_regression.PurchaseForeignCurrency@47f6473]" name="purchaseCurrency" duration-ms="1782" started-at="2018-05-13T12:00:33Z" finished-at="2018-05-13T12:00:35Z">
          <reporter-output>
          </reporter-output>
        </test-method> <!-- purchaseCurrency -->
        <test-method status="PASS" signature="tearDown()[pri:0, instance:com.testsuite_regression.PurchaseForeignCurrency@47f6473]" name="tearDown" is-config="true" duration-ms="890" started-at="2018-05-13T12:00:35Z" finished-at="2018-05-13T12:00:35Z">
          <reporter-output>
          </reporter-output>
        </test-method> <!-- tearDown -->
      </class> <!-- com.testsuite_regression.PurchaseForeignCurrency -->
      <class name="com.testsuite_regression.AddNewPayee">
        <test-method status="PASS" signature="init()[pri:0, instance:com.testsuite_regression.AddNewPayee@4157f54e]" name="init" is-config="true" duration-ms="4300" started-at="2018-05-13T12:00:15Z" finished-at="2018-05-13T12:00:20Z">
          <reporter-output>
          </reporter-output>
        </test-method> <!-- init -->
        <test-method status="PASS" signature="addPayee()[pri:0, instance:com.testsuite_regression.AddNewPayee@4157f54e]" name="addPayee" duration-ms="1865" started-at="2018-05-13T12:00:20Z" finished-at="2018-05-13T12:00:21Z">
          <reporter-output>
          </reporter-output>
        </test-method> <!-- addPayee -->
        <test-method status="PASS" signature="tearDown()[pri:0, instance:com.testsuite_regression.AddNewPayee@4157f54e]" name="tearDown" is-config="true" duration-ms="948" started-at="2018-05-13T12:00:21Z" finished-at="2018-05-13T12:00:22Z">
          <reporter-output>
          </reporter-output>
        </test-method> <!-- tearDown -->
      </class> <!-- com.testsuite_regression.AddNewPayee -->
      <class name="com.testsuite_regression.TransferFunds">
        <test-method status="PASS" signature="init()[pri:0, instance:com.testsuite_regression.TransferFunds@90f6bfd]" name="init" is-config="true" duration-ms="3931" started-at="2018-05-13T12:00:22Z" finished-at="2018-05-13T12:00:26Z">
          <reporter-output>
          </reporter-output>
        </test-method> <!-- init -->
        <test-method status="PASS" signature="transfer()[pri:0, instance:com.testsuite_regression.TransferFunds@90f6bfd]" name="transfer" duration-ms="1878" started-at="2018-05-13T12:00:26Z" finished-at="2018-05-13T12:00:28Z">
          <reporter-output>
          </reporter-output>
        </test-method> <!-- transfer -->
        <test-method status="PASS" signature="tearDown()[pri:0, instance:com.testsuite_regression.TransferFunds@90f6bfd]" name="tearDown" is-config="true" duration-ms="897" started-at="2018-05-13T12:00:28Z" finished-at="2018-05-13T12:00:29Z">
          <reporter-output>
          </reporter-output>
        </test-method> <!-- tearDown -->
      </class> <!-- com.testsuite_regression.TransferFunds -->
    </test> <!-- Regression Tests -->
  </suite> <!-- Regression Test Suite -->
</testng-results>
