<?xml version="1.0" encoding="UTF-8"?>
<!-- Generated by org.testng.reporters.JUnitXMLReporter -->
<testsuite hostname="DESKTOP-C24IJ1E" ignored="0" name="Regression Tests" tests="3" failures="0" timestamp="13 May 2018 00:05:09 GMT" time="26.246" errors="0">
  <testcase name="addPayee" time="4.378" classname="com.testsuite_regression.AddNewPayee"/>
  <testcase name="transfer" time="2.145" classname="com.testsuite_regression.TransferFunds"/>
  <testcase name="purchaseCurrency" time="4.251" classname="com.testsuite_regression.PurchaseForeignCurrency"/>
</testsuite> <!-- Regression Tests -->
