<?xml version="1.0" encoding="UTF-8"?>
<!-- Generated by org.testng.reporters.JUnitXMLReporter -->
<testsuite hostname="DESKTOP-C24IJ1E" ignored="0" name="Regression Tests" tests="3" failures="0" timestamp="13 May 2018 16:00:36 GMT" time="20.281" errors="0">
  <testcase name="addPayee" time="1.865" classname="com.testsuite_regression.AddNewPayee"/>
  <testcase name="transfer" time="1.878" classname="com.testsuite_regression.TransferFunds"/>
  <testcase name="purchaseCurrency" time="1.782" classname="com.testsuite_regression.PurchaseForeignCurrency"/>
</testsuite> <!-- Regression Tests -->
